2026-03-06 08:54:29,649 - ERROR - Erro ao inicializar módulos: module 'mediapipe' has no attribute 'solutions'
2026-03-06 09:00:48,464 - INFO - Módulos inicializados com sucesso.
2026-03-06 09:00:52,542 - INFO - Iniciando calibraçăo...
2026-03-06 09:02:14,384 - INFO - Módulos inicializados com sucesso.
2026-03-06 09:02:16,295 - INFO - Iniciando calibraçăo...
2026-03-06 09:02:34,345 - INFO - Calibraçăo concluída.
2026-03-06 09:02:39,813 - INFO - Clique Direito
2026-03-06 09:02:55,149 - INFO - Módulos inicializados com sucesso.
2026-03-06 09:03:15,671 - INFO - Clique Esquerdo
2026-03-06 09:03:37,718 - INFO - Módulos inicializados com sucesso.
2026-03-06 09:03:41,448 - INFO - Iniciando calibraçăo...
2026-03-06 09:03:59,275 - INFO - Calibraçăo concluída.
2026-03-06 09:04:05,713 - INFO - Clique Direito
2026-03-06 09:12:00,765 - INFO - Módulos inicializados com sucesso.
2026-03-06 09:12:04,384 - INFO - Iniciando calibraçăo...
2026-03-06 09:12:22,489 - INFO - Calibraçăo concluída.
2026-03-06 09:12:28,574 - INFO - Clique Esquerdo
2026-03-06 09:12:30,200 - INFO - Clique Direito
2026-03-06 09:12:31,531 - INFO - Clique Esquerdo
2026-03-06 09:12:32,451 - INFO - Clique Esquerdo
2026-03-06 09:12:34,342 - INFO - Clique Direito
2026-03-06 09:12:35,688 - INFO - Clique Esquerdo
2026-03-06 09:12:37,982 - INFO - Clique Esquerdo
2026-03-06 09:12:42,365 - INFO - Clique Esquerdo
2026-03-06 09:12:45,481 - INFO - Clique Direito
2026-03-06 09:12:47,358 - INFO - Duplo Clique
2026-03-06 09:12:48,737 - INFO - Clique Esquerdo
2026-03-06 09:12:50,084 - INFO - Duplo Clique
2026-03-06 09:12:50,739 - INFO - Clique Direito
2026-03-06 09:12:52,071 - INFO - Clique Esquerdo
2026-03-06 09:13:19,112 - INFO - Clique Esquerdo
2026-03-06 09:13:20,560 - INFO - Clique Direito
2026-03-06 09:13:24,314 - INFO - Clique Direito
2026-03-06 09:13:24,818 - INFO - Duplo Clique
2026-03-06 09:13:29,849 - INFO - Clique Esquerdo
2026-03-06 09:13:32,375 - INFO - Clique Esquerdo
2026-03-06 09:13:33,292 - INFO - Clique Direito
2026-03-06 09:13:33,936 - INFO - Duplo Clique
2026-03-06 09:13:41,368 - INFO - Módulos inicializados com sucesso.
2026-03-06 09:13:46,325 - INFO - Iniciando calibraçăo...
